Build started 2013/5/21 21:02:01.
     1>Project "D:\zcDocument\VSWorkspace\ultrasound-gesture\AudioApplication1\AudioApplication1\AudioApplication1.vcxproj" on node 2 (build target(s)).
     1>InitializeBuildStatus:
         Touching "Debug\AudioApplication1.unsuccessfulbuild".
       ClCompile:
         All outputs are up-to-date.
       ManifestResourceCompile:
         All outputs are up-to-date.
       Link:
         C:\Program Files (x86)\Microsoft Visual Studio 10.0\VC\bin\link.exe /ERRORREPORT:PROMPT /OUT:"D:\zcDocument\VSWorkspace\ultrasound-gesture\AudioApplication1\Debug\AudioApplication1.exe" /INCREMENTAL /NOLOGO kernel32.lib user32.lib gdi32.lib winspool.lib comdlg32.lib advapi32.lib shell32.lib ole32.lib oleaut32.lib uuid.lib odbc32.lib odbccp32.lib /MANIFEST /ManifestFile:"Debug\AudioApplication1.exe.intermediate.manifest" /MANIFESTUAC:"level='asInvoker' uiAccess='false'" /DEBUG /PDB:"D:\zcDocument\VSWorkspace\ultrasound-gesture\AudioApplication1\Debug\AudioApplication1.pdb" /SUBSYSTEM:CONSOLE /TLBID:1 /DYNAMICBASE /NXCOMPAT /IMPLIB:"D:\zcDocument\VSWorkspace\ultrasound-gesture\AudioApplication1\Debug\AudioApplication1.lib" /MACHINE:X86 Debug\AudioApplication1.exe.embed.manifest.res
         Debug\Fourier.obj
         Debug\main.obj
         Debug\Recorder.obj
         Debug\Sounder.obj
       Manifest:
         C:\Program Files (x86)\Microsoft SDKs\Windows\v7.0A\bin\mt.exe /nologo /verbose /out:"Debug\AudioApplication1.exe.embed.manifest" /manifest Debug\AudioApplication1.exe.intermediate.manifest
         All outputs are up-to-date.
       LinkEmbedManifest:
         All outputs are up-to-date.
         AudioApplication1.vcxproj -> D:\zcDocument\VSWorkspace\ultrasound-gesture\AudioApplication1\Debug\AudioApplication1.exe
       FinalizeBuildStatus:
         Deleting file "Debug\AudioApplication1.unsuccessfulbuild".
         Touching "Debug\AudioApplication1.lastbuildstate".
     1>Done Building Project "D:\zcDocument\VSWorkspace\ultrasound-gesture\AudioApplication1\AudioApplication1\AudioApplication1.vcxproj" (build target(s)).

Build succeeded.

Time Elapsed 00:00:01.23
